{"/home/nrion/Downloads/nodejs/mnmltaskr-web/src/firebase.js": {"path":"/home/nrion/Downloads/nodejs/mnmltaskr-web/src/firebase.js","statementMap":{"0":{"start":{"line":4,"column":0},"end":{"line":11,"column":2}},"1":{"start":{"line":13,"column":11},"end":{"line":13,"column":31}},"2":{"start":{"line":14,"column":13},"end":{"line":14,"column":28}}},"fnMap":{},"branchMap":{},"s":{"0":2,"1":2,"2":2},"f":{},"b":{},"_coverageSchema":"332fd63041d2c1bcb487cc26dd0d5f7d97098a6c","hash":"c506bc8e47135adb8e65ab1ecf4b198b35871c81"}
,"/home/nrion/Downloads/nodejs/mnmltaskr-web/src/history.js": {"path":"/home/nrion/Downloads/nodejs/mnmltaskr-web/src/history.js","statementMap":{"0":{"start":{"line":3,"column":16},"end":{"line":3,"column":31}}},"fnMap":{},"branchMap":{},"s":{"0":2},"f":{},"b":{},"_coverageSchema":"332fd63041d2c1bcb487cc26dd0d5f7d97098a6c","hash":"5e9ff52ac4fe105697d10fb20175dc768a4562fb"}
,"/home/nrion/Downloads/nodejs/mnmltaskr-web/src/store.js": {"path":"/home/nrion/Downloads/nodejs/mnmltaskr-web/src/store.js","statementMap":{"0":{"start":{"line":7,"column":19},"end":{"line":7,"column":57}}},"fnMap":{},"branchMap":{},"s":{"0":2},"f":{},"b":{},"_coverageSchema":"332fd63041d2c1bcb487cc26dd0d5f7d97098a6c","hash":"be6d21960545ae74aeac40b7f4513e7ed2f197b9"}
,"/home/nrion/Downloads/nodejs/mnmltaskr-web/src/actions/itemsActions.js": {"path":"/home/nrion/Downloads/nodejs/mnmltaskr-web/src/actions/itemsActions.js","statementMap":{"0":{"start":{"line":2,"column":2},"end":{"line":7,"column":3}},"1":{"start":{"line":3,"column":4},"end":{"line":6,"column":6}}},"fnMap":{"0":{"name":"selectItem","decl":{"start":{"line":1,"column":24},"end":{"line":1,"column":34}},"loc":{"start":{"line":1,"column":46},"end":{"line":8,"column":1}},"line":1},"1":{"name":"(anonymous_1)","decl":{"start":{"line":2,"column":9},"end":{"line":2,"column":10}},"loc":{"start":{"line":2,"column":29},"end":{"line":7,"column":3}},"line":2}},"branchMap":{},"s":{"0":0,"1":0},"f":{"0":0,"1":0},"b":{},"_coverageSchema":"332fd63041d2c1bcb487cc26dd0d5f7d97098a6c","hash":"3a09da9fd87d6b63ca476e29296a8e4b0c75946c"}
,"/home/nrion/Downloads/nodejs/mnmltaskr-web/src/actions/statusActions.js": {"path":"/home/nrion/Downloads/nodejs/mnmltaskr-web/src/actions/statusActions.js","statementMap":{"0":{"start":{"line":2,"column":15},"end":{"line":2,"column":43}},"1":{"start":{"line":4,"column":2},"end":{"line":9,"column":3}},"2":{"start":{"line":5,"column":4},"end":{"line":8,"column":6}}},"fnMap":{"0":{"name":"setStatus","decl":{"start":{"line":1,"column":24},"end":{"line":1,"column":33}},"loc":{"start":{"line":1,"column":37},"end":{"line":10,"column":1}},"line":1},"1":{"name":"(anonymous_1)","decl":{"start":{"line":4,"column":9},"end":{"line":4,"column":10}},"loc":{"start":{"line":4,"column":29},"end":{"line":9,"column":3}},"line":4}},"branchMap":{},"s":{"0":0,"1":0,"2":0},"f":{"0":0,"1":0},"b":{},"_coverageSchema":"332fd63041d2c1bcb487cc26dd0d5f7d97098a6c","hash":"88e329d283217ecca17486e9c180a7dac8e0a5f8"}
,"/home/nrion/Downloads/nodejs/mnmltaskr-web/src/actions/tasksActions.js": {"path":"/home/nrion/Downloads/nodejs/mnmltaskr-web/src/actions/tasksActions.js","statementMap":{"0":{"start":{"line":4,"column":2},"end":{"line":15,"column":3}},"1":{"start":{"line":5,"column":18},"end":{"line":5,"column":52}},"2":{"start":{"line":6,"column":21},"end":{"line":6,"column":23}},"3":{"start":{"line":7,"column":4},"end":{"line":9,"column":6}},"4":{"start":{"line":8,"column":6},"end":{"line":8,"column":32}},"5":{"start":{"line":11,"column":4},"end":{"line":14,"column":6}},"6":{"start":{"line":19,"column":2},"end":{"line":30,"column":3}},"7":{"start":{"line":20,"column":24},"end":{"line":20,"column":64}},"8":{"start":{"line":21,"column":23},"end":{"line":21,"column":25}},"9":{"start":{"line":22,"column":4},"end":{"line":24,"column":6}},"10":{"start":{"line":23,"column":6},"end":{"line":23,"column":36}},"11":{"start":{"line":26,"column":4},"end":{"line":29,"column":6}}},"fnMap":{"0":{"name":"fetchTasks","decl":{"start":{"line":3,"column":24},"end":{"line":3,"column":34}},"loc":{"start":{"line":3,"column":38},"end":{"line":16,"column":1}},"line":3},"1":{"name":"(anonymous_1)","decl":{"start":{"line":4,"column":9},"end":{"line":4,"column":10}},"loc":{"start":{"line":4,"column":29},"end":{"line":15,"column":3}},"line":4},"2":{"name":"(anonymous_2)","decl":{"start":{"line":7,"column":18},"end":{"line":7,"column":19}},"loc":{"start":{"line":7,"column":28},"end":{"line":9,"column":5}},"line":7},"3":{"name":"fetchPostedTasks","decl":{"start":{"line":18,"column":16},"end":{"line":18,"column":32}},"loc":{"start":{"line":18,"column":36},"end":{"line":31,"column":1}},"line":18},"4":{"name":"(anonymous_4)","decl":{"start":{"line":19,"column":9},"end":{"line":19,"column":10}},"loc":{"start":{"line":19,"column":29},"end":{"line":30,"column":3}},"line":19},"5":{"name":"(anonymous_5)","decl":{"start":{"line":22,"column":24},"end":{"line":22,"column":25}},"loc":{"start":{"line":22,"column":36},"end":{"line":24,"column":5}},"line":22}},"branchMap":{},"s":{"0":0,"1":0,"2":0,"3":0,"4":0,"5":0,"6":0,"7":0,"8":0,"9":0,"10":0,"11":0},"f":{"0":0,"1":0,"2":0,"3":0,"4":0,"5":0},"b":{},"_coverageSchema":"332fd63041d2c1bcb487cc26dd0d5f7d97098a6c","hash":"f00f4fd0bdef158f1ed80633077d551e4464bfb2"}
,"/home/nrion/Downloads/nodejs/mnmltaskr-web/src/actions/wizardActions.js": {"path":"/home/nrion/Downloads/nodejs/mnmltaskr-web/src/actions/wizardActions.js","statementMap":{"0":{"start":{"line":2,"column":2},"end":{"line":6,"column":3}},"1":{"start":{"line":3,"column":4},"end":{"line":5,"column":6}},"2":{"start":{"line":10,"column":2},"end":{"line":14,"column":3}},"3":{"start":{"line":11,"column":4},"end":{"line":13,"column":6}}},"fnMap":{"0":{"name":"goToPrev","decl":{"start":{"line":1,"column":16},"end":{"line":1,"column":24}},"loc":{"start":{"line":1,"column":28},"end":{"line":7,"column":1}},"line":1},"1":{"name":"(anonymous_1)","decl":{"start":{"line":2,"column":9},"end":{"line":2,"column":10}},"loc":{"start":{"line":2,"column":29},"end":{"line":6,"column":3}},"line":2},"2":{"name":"goToNext","decl":{"start":{"line":9,"column":16},"end":{"line":9,"column":24}},"loc":{"start":{"line":9,"column":28},"end":{"line":15,"column":1}},"line":9},"3":{"name":"(anonymous_3)","decl":{"start":{"line":10,"column":9},"end":{"line":10,"column":10}},"loc":{"start":{"line":10,"column":29},"end":{"line":14,"column":3}},"line":10}},"branchMap":{},"s":{"0":0,"1":0,"2":0,"3":0},"f":{"0":0,"1":0,"2":0,"3":0},"b":{},"_coverageSchema":"332fd63041d2c1bcb487cc26dd0d5f7d97098a6c","hash":"6fd30a44f1807ab8e2476fb7cd76df8f00a78f66"}
,"/home/nrion/Downloads/nodejs/mnmltaskr-web/src/actions/firestore-actions/authUser.js": {"path":"/home/nrion/Downloads/nodejs/mnmltaskr-web/src/actions/firestore-actions/authUser.js","statementMap":{"0":{"start":{"line":10,"column":2},"end":{"line":17,"column":3}},"1":{"start":{"line":11,"column":4},"end":{"line":14,"column":5}},"2":{"start":{"line":16,"column":4},"end":{"line":16,"column":14}},"3":{"start":{"line":19,"column":2},"end":{"line":38,"column":3}},"4":{"start":{"line":20,"column":4},"end":{"line":23,"column":5}},"5":{"start":{"line":24,"column":4},"end":{"line":24,"column":31}},"6":{"start":{"line":26,"column":4},"end":{"line":30,"column":5}},"7":{"start":{"line":31,"column":4},"end":{"line":31,"column":21}},"8":{"start":{"line":33,"column":4},"end":{"line":37,"column":5}},"9":{"start":{"line":42,"column":2},"end":{"line":50,"column":3}},"10":{"start":{"line":43,"column":4},"end":{"line":43,"column":24}},"11":{"start":{"line":44,"column":4},"end":{"line":44,"column":35}},"12":{"start":{"line":45,"column":4},"end":{"line":45,"column":31}},"13":{"start":{"line":46,"column":4},"end":{"line":46,"column":55}},"14":{"start":{"line":47,"column":4},"end":{"line":47,"column":21}},"15":{"start":{"line":49,"column":4},"end":{"line":49,"column":11}}},"fnMap":{"0":{"name":"authUser","decl":{"start":{"line":7,"column":22},"end":{"line":7,"column":30}},"loc":{"start":{"line":7,"column":40},"end":{"line":39,"column":1}},"line":7},"1":{"name":"logout","decl":{"start":{"line":41,"column":22},"end":{"line":41,"column":28}},"loc":{"start":{"line":41,"column":32},"end":{"line":51,"column":1}},"line":41}},"branchMap":{"0":{"loc":{"start":{"line":19,"column":2},"end":{"line":38,"column":3}},"type":"if","locations":[{"start":{"line":19,"column":2},"end":{"line":38,"column":3}},{"start":{"line":19,"column":2},"end":{"line":38,"column":3}}],"line":19}},"s":{"0":0,"1":0,"2":0,"3":0,"4":0,"5":0,"6":0,"7":0,"8":0,"9":0,"10":0,"11":0,"12":0,"13":0,"14":0,"15":0},"f":{"0":0,"1":0},"b":{"0":[0,0]},"_coverageSchema":"332fd63041d2c1bcb487cc26dd0d5f7d97098a6c","hash":"31d8533440e3b4cd592276999a3a5c2375368873"}
,"/home/nrion/Downloads/nodejs/mnmltaskr-web/src/actions/firestore-actions/dbActions.js": {"path":"/home/nrion/Downloads/nodejs/mnmltaskr-web/src/actions/firestore-actions/dbActions.js","statementMap":{"0":{"start":{"line":7,"column":2},"end":{"line":13,"column":3}},"1":{"start":{"line":8,"column":4},"end":{"line":10,"column":5}},"2":{"start":{"line":12,"column":4},"end":{"line":12,"column":15}},"3":{"start":{"line":15,"column":14},"end":{"line":15,"column":25}},"4":{"start":{"line":16,"column":2},"end":{"line":36,"column":3}},"5":{"start":{"line":17,"column":4},"end":{"line":22,"column":6}},"6":{"start":{"line":24,"column":4},"end":{"line":28,"column":5}},"7":{"start":{"line":29,"column":4},"end":{"line":29,"column":26}},"8":{"start":{"line":31,"column":4},"end":{"line":35,"column":5}}},"fnMap":{"0":{"name":"signupAccount","decl":{"start":{"line":5,"column":22},"end":{"line":5,"column":35}},"loc":{"start":{"line":5,"column":45},"end":{"line":37,"column":1}},"line":5}},"branchMap":{"0":{"loc":{"start":{"line":16,"column":2},"end":{"line":36,"column":3}},"type":"if","locations":[{"start":{"line":16,"column":2},"end":{"line":36,"column":3}},{"start":{"line":16,"column":2},"end":{"line":36,"column":3}}],"line":16}},"s":{"0":0,"1":0,"2":0,"3":0,"4":0,"5":0,"6":0,"7":0,"8":0},"f":{"0":0},"b":{"0":[0,0]},"_coverageSchema":"332fd63041d2c1bcb487cc26dd0d5f7d97098a6c","hash":"48fbd2b327e58d718800b429c69efd8367abfbc4"}
,"/home/nrion/Downloads/nodejs/mnmltaskr-web/src/components/Body.jsx": {"path":"/home/nrion/Downloads/nodejs/mnmltaskr-web/src/components/Body.jsx","statementMap":{"0":{"start":{"line":14,"column":4},"end":{"line":26,"column":5}}},"fnMap":{"0":{"name":"(anonymous_0)","decl":{"start":{"line":13,"column":2},"end":{"line":13,"column":3}},"loc":{"start":{"line":13,"column":12},"end":{"line":27,"column":3}},"line":13}},"branchMap":{},"s":{"0":0},"f":{"0":0},"b":{},"_coverageSchema":"332fd63041d2c1bcb487cc26dd0d5f7d97098a6c","hash":"351ffebd7478faf6476272ece8312d1e9251124e"}
,"/home/nrion/Downloads/nodejs/mnmltaskr-web/src/components/Header.jsx": {"path":"/home/nrion/Downloads/nodejs/mnmltaskr-web/src/components/Header.jsx","statementMap":{"0":{"start":{"line":6,"column":21},"end":{"line":15,"column":1}},"1":{"start":{"line":7,"column":2},"end":{"line":14,"column":11}},"2":{"start":{"line":17,"column":21},"end":{"line":26,"column":1}},"3":{"start":{"line":18,"column":2},"end":{"line":25,"column":11}},"4":{"start":{"line":30,"column":49},"end":{"line":30,"column":59}},"5":{"start":{"line":31,"column":24},"end":{"line":31,"column":67}},"6":{"start":{"line":33,"column":4},"end":{"line":60,"column":5}},"7":{"start":{"line":37,"column":27},"end":{"line":37,"column":43}},"8":{"start":{"line":43,"column":36},"end":{"line":43,"column":52}},"9":{"start":{"line":47,"column":36},"end":{"line":47,"column":52}},"10":{"start":{"line":51,"column":36},"end":{"line":51,"column":52}}},"fnMap":{"0":{"name":"(anonymous_0)","decl":{"start":{"line":6,"column":21},"end":{"line":6,"column":22}},"loc":{"start":{"line":7,"column":2},"end":{"line":14,"column":11}},"line":7},"1":{"name":"(anonymous_1)","decl":{"start":{"line":17,"column":21},"end":{"line":17,"column":22}},"loc":{"start":{"line":18,"column":2},"end":{"line":25,"column":11}},"line":18},"2":{"name":"(anonymous_2)","decl":{"start":{"line":29,"column":2},"end":{"line":29,"column":3}},"loc":{"start":{"line":29,"column":12},"end":{"line":61,"column":3}},"line":29},"3":{"name":"(anonymous_3)","decl":{"start":{"line":37,"column":21},"end":{"line":37,"column":22}},"loc":{"start":{"line":37,"column":27},"end":{"line":37,"column":43}},"line":37},"4":{"name":"(anonymous_4)","decl":{"start":{"line":43,"column":21},"end":{"line":43,"column":22}},"loc":{"start":{"line":43,"column":36},"end":{"line":43,"column":52}},"line":43},"5":{"name":"(anonymous_5)","decl":{"start":{"line":47,"column":21},"end":{"line":47,"column":22}},"loc":{"start":{"line":47,"column":36},"end":{"line":47,"column":52}},"line":47},"6":{"name":"(anonymous_6)","decl":{"start":{"line":51,"column":21},"end":{"line":51,"column":22}},"loc":{"start":{"line":51,"column":36},"end":{"line":51,"column":52}},"line":51}},"branchMap":{"0":{"loc":{"start":{"line":31,"column":24},"end":{"line":31,"column":67}},"type":"cond-expr","locations":[{"start":{"line":31,"column":36},"end":{"line":31,"column":50}},{"start":{"line":31,"column":53},"end":{"line":31,"column":67}}],"line":31}},"s":{"0":2,"1":8,"2":2,"3":0,"4":8,"5":8,"6":8,"7":0,"8":0,"9":0,"10":0},"f":{"0":8,"1":0,"2":8,"3":0,"4":0,"5":0,"6":0},"b":{"0":[8,0]},"_coverageSchema":"332fd63041d2c1bcb487cc26dd0d5f7d97098a6c","hash":"4c0b91d9992f8d34570b54669f221cfc9569336d"}
,"/home/nrion/Downloads/nodejs/mnmltaskr-web/src/components/Home.jsx": {"path":"/home/nrion/Downloads/nodejs/mnmltaskr-web/src/components/Home.jsx","statementMap":{"0":{"start":{"line":6,"column":4},"end":{"line":19,"column":5}}},"fnMap":{"0":{"name":"(anonymous_0)","decl":{"start":{"line":5,"column":2},"end":{"line":5,"column":3}},"loc":{"start":{"line":5,"column":12},"end":{"line":20,"column":3}},"line":5}},"branchMap":{},"s":{"0":4},"f":{"0":4},"b":{},"_coverageSchema":"332fd63041d2c1bcb487cc26dd0d5f7d97098a6c","hash":"fef645b600224fbe7fd2b8ef61f581b51ca4f29d"}
,"/home/nrion/Downloads/nodejs/mnmltaskr-web/src/components/Index.jsx": {"path":"/home/nrion/Downloads/nodejs/mnmltaskr-web/src/components/Index.jsx","statementMap":{"0":{"start":{"line":15,"column":23},"end":{"line":23,"column":1}},"1":{"start":{"line":16,"column":2},"end":{"line":22,"column":16}},"2":{"start":{"line":25,"column":24},"end":{"line":33,"column":1}},"3":{"start":{"line":26,"column":2},"end":{"line":32,"column":16}},"4":{"start":{"line":35,"column":22},"end":{"line":40,"column":1}},"5":{"start":{"line":36,"column":2},"end":{"line":39,"column":8}},"6":{"start":{"line":44,"column":4},"end":{"line":50,"column":5}}},"fnMap":{"0":{"name":"(anonymous_0)","decl":{"start":{"line":15,"column":23},"end":{"line":15,"column":24}},"loc":{"start":{"line":16,"column":2},"end":{"line":22,"column":16}},"line":16},"1":{"name":"(anonymous_1)","decl":{"start":{"line":25,"column":24},"end":{"line":25,"column":25}},"loc":{"start":{"line":26,"column":2},"end":{"line":32,"column":16}},"line":26},"2":{"name":"(anonymous_2)","decl":{"start":{"line":35,"column":22},"end":{"line":35,"column":23}},"loc":{"start":{"line":36,"column":2},"end":{"line":39,"column":8}},"line":36},"3":{"name":"(anonymous_3)","decl":{"start":{"line":43,"column":2},"end":{"line":43,"column":3}},"loc":{"start":{"line":43,"column":12},"end":{"line":51,"column":3}},"line":43}},"branchMap":{},"s":{"0":1,"1":0,"2":1,"3":0,"4":1,"5":0,"6":3},"f":{"0":0,"1":0,"2":0,"3":3},"b":{},"_coverageSchema":"332fd63041d2c1bcb487cc26dd0d5f7d97098a6c","hash":"9dcac7724f0ce05afe959b14784b85dfb5b57a2d"}
,"/home/nrion/Downloads/nodejs/mnmltaskr-web/src/components/NotLoggedInView.jsx": {"path":"/home/nrion/Downloads/nodejs/mnmltaskr-web/src/components/NotLoggedInView.jsx","statementMap":{"0":{"start":{"line":6,"column":4},"end":{"line":17,"column":5}}},"fnMap":{"0":{"name":"(anonymous_0)","decl":{"start":{"line":5,"column":2},"end":{"line":5,"column":3}},"loc":{"start":{"line":5,"column":12},"end":{"line":18,"column":3}},"line":5}},"branchMap":{},"s":{"0":0},"f":{"0":0},"b":{},"_coverageSchema":"332fd63041d2c1bcb487cc26dd0d5f7d97098a6c","hash":"a8cff6d3a1f0fddda43cd438d491337de529cd73"}
,"/home/nrion/Downloads/nodejs/mnmltaskr-web/src/components/TaskCard.jsx": {"path":"/home/nrion/Downloads/nodejs/mnmltaskr-web/src/components/TaskCard.jsx","statementMap":{"0":{"start":{"line":14,"column":8},"end":{"line":14,"column":18}},"1":{"start":{"line":16,"column":4},"end":{"line":77,"column":5}}},"fnMap":{"0":{"name":"(anonymous_0)","decl":{"start":{"line":6,"column":2},"end":{"line":6,"column":3}},"loc":{"start":{"line":6,"column":12},"end":{"line":78,"column":3}},"line":6}},"branchMap":{},"s":{"0":0,"1":0},"f":{"0":0},"b":{},"_coverageSchema":"332fd63041d2c1bcb487cc26dd0d5f7d97098a6c","hash":"717b296038a7a981d2d0f834dbfaab28b5898387"}
,"/home/nrion/Downloads/nodejs/mnmltaskr-web/src/components/auth-forms/FormWrapper.jsx": {"path":"/home/nrion/Downloads/nodejs/mnmltaskr-web/src/components/auth-forms/FormWrapper.jsx","statementMap":{"0":{"start":{"line":7,"column":34},"end":{"line":7,"column":44}},"1":{"start":{"line":9,"column":4},"end":{"line":27,"column":5}}},"fnMap":{"0":{"name":"(anonymous_0)","decl":{"start":{"line":6,"column":2},"end":{"line":6,"column":3}},"loc":{"start":{"line":6,"column":12},"end":{"line":28,"column":3}},"line":6}},"branchMap":{},"s":{"0":0,"1":0},"f":{"0":0},"b":{},"_coverageSchema":"332fd63041d2c1bcb487cc26dd0d5f7d97098a6c","hash":"eeef6ca4cc0233901b0bec3b864789eece8b7254"}
,"/home/nrion/Downloads/nodejs/mnmltaskr-web/src/components/auth-forms/LoginForm.jsx": {"path":"/home/nrion/Downloads/nodejs/mnmltaskr-web/src/components/auth-forms/LoginForm.jsx","statementMap":{"0":{"start":{"line":5,"column":20},"end":{"line":12,"column":1}},"1":{"start":{"line":6,"column":2},"end":{"line":11,"column":4}},"2":{"start":{"line":16,"column":29},"end":{"line":16,"column":39}},"3":{"start":{"line":18,"column":4},"end":{"line":57,"column":5}}},"fnMap":{"0":{"name":"(anonymous_0)","decl":{"start":{"line":5,"column":20},"end":{"line":5,"column":21}},"loc":{"start":{"line":6,"column":2},"end":{"line":11,"column":4}},"line":6},"1":{"name":"(anonymous_1)","decl":{"start":{"line":15,"column":2},"end":{"line":15,"column":3}},"loc":{"start":{"line":15,"column":12},"end":{"line":58,"column":3}},"line":15}},"branchMap":{},"s":{"0":1,"1":0,"2":0,"3":0},"f":{"0":0,"1":0},"b":{},"_coverageSchema":"332fd63041d2c1bcb487cc26dd0d5f7d97098a6c","hash":"be276d5d5f8f6c1d295d95d4d505284172ffeeb0"}
,"/home/nrion/Downloads/nodejs/mnmltaskr-web/src/components/auth-forms/SignupForm.jsx": {"path":"/home/nrion/Downloads/nodejs/mnmltaskr-web/src/components/auth-forms/SignupForm.jsx","statementMap":{"0":{"start":{"line":5,"column":20},"end":{"line":21,"column":1}},"1":{"start":{"line":6,"column":19},"end":{"line":6,"column":24}},"2":{"start":{"line":7,"column":19},"end":{"line":7,"column":45}},"3":{"start":{"line":9,"column":2},"end":{"line":20,"column":3}},"4":{"start":{"line":23,"column":16},"end":{"line":26,"column":1}},"5":{"start":{"line":30,"column":41},"end":{"line":30,"column":51}},"6":{"start":{"line":32,"column":4},"end":{"line":106,"column":5}},"7":{"start":{"line":67,"column":16},"end":{"line":76,"column":24}}},"fnMap":{"0":{"name":"(anonymous_0)","decl":{"start":{"line":5,"column":20},"end":{"line":5,"column":21}},"loc":{"start":{"line":5,"column":31},"end":{"line":21,"column":1}},"line":5},"1":{"name":"(anonymous_1)","decl":{"start":{"line":29,"column":2},"end":{"line":29,"column":3}},"loc":{"start":{"line":29,"column":12},"end":{"line":107,"column":3}},"line":29},"2":{"name":"(anonymous_2)","decl":{"start":{"line":66,"column":26},"end":{"line":66,"column":27}},"loc":{"start":{"line":67,"column":16},"end":{"line":76,"column":24}},"line":67}},"branchMap":{"0":{"loc":{"start":{"line":7,"column":19},"end":{"line":7,"column":45}},"type":"binary-expr","locations":[{"start":{"line":7,"column":19},"end":{"line":7,"column":31}},{"start":{"line":7,"column":35},"end":{"line":7,"column":45}}],"line":7},"1":{"loc":{"start":{"line":14,"column":8},"end":{"line":17,"column":16}},"type":"binary-expr","locations":[{"start":{"line":14,"column":8},"end":{"line":14,"column":16}},{"start":{"line":15,"column":8},"end":{"line":17,"column":16}}],"line":14}},"s":{"0":1,"1":0,"2":0,"3":0,"4":1,"5":0,"6":0,"7":0},"f":{"0":0,"1":0,"2":0},"b":{"0":[0,0],"1":[0,0]},"_coverageSchema":"332fd63041d2c1bcb487cc26dd0d5f7d97098a6c","hash":"b8f0521f1564b638470ad88f0c440fc2efff13fb"}
,"/home/nrion/Downloads/nodejs/mnmltaskr-web/src/components/custom/PrivateRoute.js": {"path":"/home/nrion/Downloads/nodejs/mnmltaskr-web/src/components/custom/PrivateRoute.js","statementMap":{"0":{"start":{"line":5,"column":15},"end":{"line":5,"column":43}},"1":{"start":{"line":7,"column":2},"end":{"line":12,"column":3}},"2":{"start":{"line":9,"column":6},"end":{"line":10,"column":42}}},"fnMap":{"0":{"name":"PrivateRoute","decl":{"start":{"line":4,"column":24},"end":{"line":4,"column":36}},"loc":{"start":{"line":4,"column":73},"end":{"line":13,"column":1}},"line":4},"1":{"name":"(anonymous_1)","decl":{"start":{"line":8,"column":29},"end":{"line":8,"column":30}},"loc":{"start":{"line":9,"column":6},"end":{"line":10,"column":42}},"line":9}},"branchMap":{"0":{"loc":{"start":{"line":9,"column":6},"end":{"line":10,"column":42}},"type":"cond-expr","locations":[{"start":{"line":9,"column":13},"end":{"line":9,"column":37}},{"start":{"line":10,"column":10},"end":{"line":10,"column":42}}],"line":9}},"s":{"0":0,"1":0,"2":0},"f":{"0":0,"1":0},"b":{"0":[0,0]},"_coverageSchema":"332fd63041d2c1bcb487cc26dd0d5f7d97098a6c","hash":"c13dd8ae55dd2c74de2b9160498de5026f92ae25"}
,"/home/nrion/Downloads/nodejs/mnmltaskr-web/src/components/custom/validator.js": {"path":"/home/nrion/Downloads/nodejs/mnmltaskr-web/src/components/custom/validator.js","statementMap":{"0":{"start":{"line":1,"column":15},"end":{"line":3,"column":1}},"1":{"start":{"line":2,"column":2},"end":{"line":2,"column":37}},"2":{"start":{"line":5,"column":16},"end":{"line":7,"column":1}},"3":{"start":{"line":6,"column":2},"end":{"line":6,"column":54}},"4":{"start":{"line":9,"column":19},"end":{"line":11,"column":1}},"5":{"start":{"line":10,"column":2},"end":{"line":10,"column":25}},"6":{"start":{"line":13,"column":22},"end":{"line":15,"column":1}},"7":{"start":{"line":14,"column":2},"end":{"line":14,"column":45}},"8":{"start":{"line":17,"column":18},"end":{"line":19,"column":1}},"9":{"start":{"line":18,"column":2},"end":{"line":18,"column":40}}},"fnMap":{"0":{"name":"(anonymous_0)","decl":{"start":{"line":1,"column":15},"end":{"line":1,"column":16}},"loc":{"start":{"line":2,"column":2},"end":{"line":2,"column":37}},"line":2},"1":{"name":"(anonymous_1)","decl":{"start":{"line":5,"column":16},"end":{"line":5,"column":17}},"loc":{"start":{"line":6,"column":2},"end":{"line":6,"column":54}},"line":6},"2":{"name":"(anonymous_2)","decl":{"start":{"line":9,"column":19},"end":{"line":9,"column":20}},"loc":{"start":{"line":10,"column":2},"end":{"line":10,"column":25}},"line":10},"3":{"name":"(anonymous_3)","decl":{"start":{"line":13,"column":22},"end":{"line":13,"column":23}},"loc":{"start":{"line":14,"column":2},"end":{"line":14,"column":45}},"line":14},"4":{"name":"(anonymous_4)","decl":{"start":{"line":17,"column":18},"end":{"line":17,"column":19}},"loc":{"start":{"line":18,"column":2},"end":{"line":18,"column":40}},"line":18}},"branchMap":{"0":{"loc":{"start":{"line":2,"column":2},"end":{"line":2,"column":37}},"type":"binary-expr","locations":[{"start":{"line":2,"column":2},"end":{"line":2,"column":6}},{"start":{"line":2,"column":10},"end":{"line":2,"column":37}}],"line":2},"1":{"loc":{"start":{"line":6,"column":2},"end":{"line":6,"column":54}},"type":"binary-expr","locations":[{"start":{"line":6,"column":2},"end":{"line":6,"column":6}},{"start":{"line":6,"column":10},"end":{"line":6,"column":54}}],"line":6},"2":{"loc":{"start":{"line":10,"column":2},"end":{"line":10,"column":25}},"type":"binary-expr","locations":[{"start":{"line":10,"column":2},"end":{"line":10,"column":6}},{"start":{"line":10,"column":10},"end":{"line":10,"column":25}}],"line":10},"3":{"loc":{"start":{"line":14,"column":2},"end":{"line":14,"column":45}},"type":"binary-expr","locations":[{"start":{"line":14,"column":2},"end":{"line":14,"column":8}},{"start":{"line":14,"column":12},"end":{"line":14,"column":45}}],"line":14},"4":{"loc":{"start":{"line":18,"column":2},"end":{"line":18,"column":40}},"type":"binary-expr","locations":[{"start":{"line":18,"column":2},"end":{"line":18,"column":6}},{"start":{"line":18,"column":10},"end":{"line":18,"column":40}}],"line":18}},"s":{"0":1,"1":0,"2":1,"3":0,"4":1,"5":0,"6":1,"7":0,"8":1,"9":0},"f":{"0":0,"1":0,"2":0,"3":0,"4":0},"b":{"0":[0,0],"1":[0,0],"2":[0,0],"3":[0,0],"4":[0,0]},"_coverageSchema":"332fd63041d2c1bcb487cc26dd0d5f7d97098a6c","hash":"c5841a24e44328a1f07c6b9088b6640e8eaf96a5"}
,"/home/nrion/Downloads/nodejs/mnmltaskr-web/src/components/menubar/BrowseTasks.jsx": {"path":"/home/nrion/Downloads/nodejs/mnmltaskr-web/src/components/menubar/BrowseTasks.jsx","statementMap":{"0":{"start":{"line":7,"column":4},"end":{"line":7,"column":27}},"1":{"start":{"line":11,"column":20},"end":{"line":11,"column":30}},"2":{"start":{"line":13,"column":4},"end":{"line":15,"column":5}},"3":{"start":{"line":14,"column":6},"end":{"line":14,"column":16}},"4":{"start":{"line":17,"column":4},"end":{"line":35,"column":5}},"5":{"start":{"line":23,"column":14},"end":{"line":30,"column":16}}},"fnMap":{"0":{"name":"(anonymous_0)","decl":{"start":{"line":6,"column":2},"end":{"line":6,"column":3}},"loc":{"start":{"line":6,"column":24},"end":{"line":8,"column":3}},"line":6},"1":{"name":"(anonymous_1)","decl":{"start":{"line":10,"column":2},"end":{"line":10,"column":3}},"loc":{"start":{"line":10,"column":12},"end":{"line":36,"column":3}},"line":10},"2":{"name":"(anonymous_2)","decl":{"start":{"line":22,"column":22},"end":{"line":22,"column":23}},"loc":{"start":{"line":22,"column":39},"end":{"line":31,"column":13}},"line":22}},"branchMap":{"0":{"loc":{"start":{"line":13,"column":4},"end":{"line":15,"column":5}},"type":"if","locations":[{"start":{"line":13,"column":4},"end":{"line":15,"column":5}},{"start":{"line":13,"column":4},"end":{"line":15,"column":5}}],"line":13}},"s":{"0":0,"1":0,"2":0,"3":0,"4":0,"5":0},"f":{"0":0,"1":0,"2":0},"b":{"0":[0,0]},"_coverageSchema":"332fd63041d2c1bcb487cc26dd0d5f7d97098a6c","hash":"2e0e73a7fd6d5dc6409048d44508aaf08765f718"}
,"/home/nrion/Downloads/nodejs/mnmltaskr-web/src/components/menubar/MyTasks.jsx": {"path":"/home/nrion/Downloads/nodejs/mnmltaskr-web/src/components/menubar/MyTasks.jsx","statementMap":{"0":{"start":{"line":7,"column":4},"end":{"line":7,"column":33}},"1":{"start":{"line":11,"column":26},"end":{"line":11,"column":36}},"2":{"start":{"line":13,"column":4},"end":{"line":15,"column":5}},"3":{"start":{"line":14,"column":6},"end":{"line":14,"column":22}},"4":{"start":{"line":17,"column":4},"end":{"line":35,"column":5}},"5":{"start":{"line":23,"column":14},"end":{"line":30,"column":16}}},"fnMap":{"0":{"name":"(anonymous_0)","decl":{"start":{"line":6,"column":2},"end":{"line":6,"column":3}},"loc":{"start":{"line":6,"column":24},"end":{"line":8,"column":3}},"line":6},"1":{"name":"(anonymous_1)","decl":{"start":{"line":10,"column":2},"end":{"line":10,"column":3}},"loc":{"start":{"line":10,"column":12},"end":{"line":36,"column":3}},"line":10},"2":{"name":"(anonymous_2)","decl":{"start":{"line":22,"column":28},"end":{"line":22,"column":29}},"loc":{"start":{"line":22,"column":45},"end":{"line":31,"column":13}},"line":22}},"branchMap":{"0":{"loc":{"start":{"line":13,"column":4},"end":{"line":15,"column":5}},"type":"if","locations":[{"start":{"line":13,"column":4},"end":{"line":15,"column":5}},{"start":{"line":13,"column":4},"end":{"line":15,"column":5}}],"line":13}},"s":{"0":0,"1":0,"2":0,"3":0,"4":0,"5":0},"f":{"0":0,"1":0,"2":0},"b":{"0":[0,0]},"_coverageSchema":"332fd63041d2c1bcb487cc26dd0d5f7d97098a6c","hash":"a1c10a4ebd59b172f83f9b9f0f8bc5f35dee5efd"}
,"/home/nrion/Downloads/nodejs/mnmltaskr-web/src/components/menubar/PostATask.jsx": {"path":"/home/nrion/Downloads/nodejs/mnmltaskr-web/src/components/menubar/PostATask.jsx","statementMap":{"0":{"start":{"line":9,"column":4},"end":{"line":24,"column":5}}},"fnMap":{"0":{"name":"(anonymous_0)","decl":{"start":{"line":8,"column":2},"end":{"line":8,"column":3}},"loc":{"start":{"line":8,"column":12},"end":{"line":25,"column":3}},"line":8}},"branchMap":{},"s":{"0":0},"f":{"0":0},"b":{},"_coverageSchema":"332fd63041d2c1bcb487cc26dd0d5f7d97098a6c","hash":"3b681889f86fab1009df2448d2fc39458616dd93"}
,"/home/nrion/Downloads/nodejs/mnmltaskr-web/src/components/wizard-style-form/StepContent.jsx": {"path":"/home/nrion/Downloads/nodejs/mnmltaskr-web/src/components/wizard-style-form/StepContent.jsx","statementMap":{"0":{"start":{"line":6,"column":21},"end":{"line":6,"column":31}},"1":{"start":{"line":8,"column":4},"end":{"line":29,"column":5}}},"fnMap":{"0":{"name":"(anonymous_0)","decl":{"start":{"line":5,"column":2},"end":{"line":5,"column":3}},"loc":{"start":{"line":5,"column":12},"end":{"line":30,"column":3}},"line":5}},"branchMap":{"0":{"loc":{"start":{"line":10,"column":22},"end":{"line":10,"column":40}},"type":"binary-expr","locations":[{"start":{"line":10,"column":22},"end":{"line":10,"column":32}},{"start":{"line":10,"column":36},"end":{"line":10,"column":40}}],"line":10},"1":{"loc":{"start":{"line":16,"column":22},"end":{"line":16,"column":40}},"type":"binary-expr","locations":[{"start":{"line":16,"column":22},"end":{"line":16,"column":32}},{"start":{"line":16,"column":36},"end":{"line":16,"column":40}}],"line":16},"2":{"loc":{"start":{"line":22,"column":22},"end":{"line":22,"column":40}},"type":"binary-expr","locations":[{"start":{"line":22,"column":22},"end":{"line":22,"column":32}},{"start":{"line":22,"column":36},"end":{"line":22,"column":40}}],"line":22}},"s":{"0":0,"1":0},"f":{"0":0},"b":{"0":[0,0],"1":[0,0],"2":[0,0]},"_coverageSchema":"332fd63041d2c1bcb487cc26dd0d5f7d97098a6c","hash":"5980408cd1609c9efcec7a9f64e5edeb5f021602"}
,"/home/nrion/Downloads/nodejs/mnmltaskr-web/src/components/wizard-style-form/TaskForm.jsx": {"path":"/home/nrion/Downloads/nodejs/mnmltaskr-web/src/components/wizard-style-form/TaskForm.jsx","statementMap":{"0":{"start":{"line":10,"column":51},"end":{"line":10,"column":61}},"1":{"start":{"line":12,"column":4},"end":{"line":18,"column":5}}},"fnMap":{"0":{"name":"(anonymous_0)","decl":{"start":{"line":9,"column":2},"end":{"line":9,"column":3}},"loc":{"start":{"line":9,"column":12},"end":{"line":19,"column":3}},"line":9}},"branchMap":{"0":{"loc":{"start":{"line":14,"column":9},"end":{"line":14,"column":62}},"type":"binary-expr","locations":[{"start":{"line":14,"column":9},"end":{"line":14,"column":19}},{"start":{"line":14,"column":23},"end":{"line":14,"column":62}}],"line":14},"1":{"loc":{"start":{"line":15,"column":9},"end":{"line":15,"column":83}},"type":"binary-expr","locations":[{"start":{"line":15,"column":9},"end":{"line":15,"column":19}},{"start":{"line":15,"column":23},"end":{"line":15,"column":83}}],"line":15},"2":{"loc":{"start":{"line":16,"column":9},"end":{"line":16,"column":81}},"type":"binary-expr","locations":[{"start":{"line":16,"column":9},"end":{"line":16,"column":19}},{"start":{"line":16,"column":23},"end":{"line":16,"column":81}}],"line":16}},"s":{"0":0,"1":0},"f":{"0":0},"b":{"0":[0,0],"1":[0,0],"2":[0,0]},"_coverageSchema":"332fd63041d2c1bcb487cc26dd0d5f7d97098a6c","hash":"38e1f61c984f58dce7f09a1ec01b69726443c9c5"}
,"/home/nrion/Downloads/nodejs/mnmltaskr-web/src/components/wizard-style-form/form-contents/Budget.jsx": {"path":"/home/nrion/Downloads/nodejs/mnmltaskr-web/src/components/wizard-style-form/form-contents/Budget.jsx","statementMap":{"0":{"start":{"line":7,"column":61},"end":{"line":7,"column":71}},"1":{"start":{"line":9,"column":4},"end":{"line":52,"column":5}}},"fnMap":{"0":{"name":"(anonymous_0)","decl":{"start":{"line":6,"column":2},"end":{"line":6,"column":3}},"loc":{"start":{"line":6,"column":12},"end":{"line":53,"column":3}},"line":6}},"branchMap":{"0":{"loc":{"start":{"line":43,"column":22},"end":{"line":43,"column":44}},"type":"binary-expr","locations":[{"start":{"line":43,"column":22},"end":{"line":43,"column":30}},{"start":{"line":43,"column":34},"end":{"line":43,"column":44}}],"line":43}},"s":{"0":0,"1":0},"f":{"0":0},"b":{"0":[0,0]},"_coverageSchema":"332fd63041d2c1bcb487cc26dd0d5f7d97098a6c","hash":"46795c4328017231801e9be9e158962341dcbb97"}
,"/home/nrion/Downloads/nodejs/mnmltaskr-web/src/components/wizard-style-form/form-contents/Details.jsx": {"path":"/home/nrion/Downloads/nodejs/mnmltaskr-web/src/components/wizard-style-form/form-contents/Details.jsx","statementMap":{"0":{"start":{"line":5,"column":23},"end":{"line":10,"column":1}},"1":{"start":{"line":6,"column":2},"end":{"line":9,"column":4}},"2":{"start":{"line":14,"column":29},"end":{"line":14,"column":39}},"3":{"start":{"line":16,"column":4},"end":{"line":41,"column":5}}},"fnMap":{"0":{"name":"(anonymous_0)","decl":{"start":{"line":5,"column":23},"end":{"line":5,"column":24}},"loc":{"start":{"line":6,"column":2},"end":{"line":9,"column":4}},"line":6},"1":{"name":"(anonymous_1)","decl":{"start":{"line":13,"column":2},"end":{"line":13,"column":3}},"loc":{"start":{"line":13,"column":12},"end":{"line":42,"column":3}},"line":13}},"branchMap":{},"s":{"0":1,"1":0,"2":0,"3":0},"f":{"0":0,"1":0},"b":{},"_coverageSchema":"332fd63041d2c1bcb487cc26dd0d5f7d97098a6c","hash":"a6381f18e05bc7302898c2a5f93db25731f94b7b"}
,"/home/nrion/Downloads/nodejs/mnmltaskr-web/src/components/wizard-style-form/form-contents/Location.jsx": {"path":"/home/nrion/Downloads/nodejs/mnmltaskr-web/src/components/wizard-style-form/form-contents/Location.jsx","statementMap":{"0":{"start":{"line":5,"column":16},"end":{"line":8,"column":1}},"1":{"start":{"line":10,"column":23},"end":{"line":19,"column":1}},"2":{"start":{"line":11,"column":2},"end":{"line":18,"column":4}},"3":{"start":{"line":13,"column":31},"end":{"line":13,"column":63}},"4":{"start":{"line":23,"column":39},"end":{"line":23,"column":49}},"5":{"start":{"line":25,"column":4},"end":{"line":67,"column":5}}},"fnMap":{"0":{"name":"(anonymous_0)","decl":{"start":{"line":10,"column":23},"end":{"line":10,"column":24}},"loc":{"start":{"line":11,"column":2},"end":{"line":18,"column":4}},"line":11},"1":{"name":"(anonymous_1)","decl":{"start":{"line":13,"column":14},"end":{"line":13,"column":15}},"loc":{"start":{"line":13,"column":31},"end":{"line":13,"column":63}},"line":13},"2":{"name":"(anonymous_2)","decl":{"start":{"line":22,"column":2},"end":{"line":22,"column":3}},"loc":{"start":{"line":22,"column":12},"end":{"line":68,"column":3}},"line":22}},"branchMap":{},"s":{"0":1,"1":1,"2":0,"3":0,"4":0,"5":0},"f":{"0":0,"1":0,"2":0},"b":{},"_coverageSchema":"332fd63041d2c1bcb487cc26dd0d5f7d97098a6c","hash":"209d80f85e4bdb35c2b0bb25d68fc71f5c7c16f2"}
,"/home/nrion/Downloads/nodejs/mnmltaskr-web/src/containers/BudgetContainer.js": {"path":"/home/nrion/Downloads/nodejs/mnmltaskr-web/src/containers/BudgetContainer.js","statementMap":{},"fnMap":{},"branchMap":{},"s":{},"f":{},"b":{},"_coverageSchema":"332fd63041d2c1bcb487cc26dd0d5f7d97098a6c","hash":"288aeab94b6984e1332b7576374f7d7e8bf19315"}
,"/home/nrion/Downloads/nodejs/mnmltaskr-web/src/containers/DetailsContainer.js": {"path":"/home/nrion/Downloads/nodejs/mnmltaskr-web/src/containers/DetailsContainer.js","statementMap":{},"fnMap":{},"branchMap":{},"s":{},"f":{},"b":{},"_coverageSchema":"332fd63041d2c1bcb487cc26dd0d5f7d97098a6c","hash":"a5e33b620bdbf1e2a9ae8a8422fd158ff5b566b3"}
,"/home/nrion/Downloads/nodejs/mnmltaskr-web/src/containers/ItemsContainer.js": {"path":"/home/nrion/Downloads/nodejs/mnmltaskr-web/src/containers/ItemsContainer.js","statementMap":{"0":{"start":{"line":5,"column":24},"end":{"line":8,"column":2}},"1":{"start":{"line":5,"column":36},"end":{"line":8,"column":1}},"2":{"start":{"line":10,"column":27},"end":{"line":12,"column":2}},"3":{"start":{"line":10,"column":42},"end":{"line":12,"column":1}},"4":{"start":{"line":11,"column":30},"end":{"line":11,"column":60}}},"fnMap":{"0":{"name":"(anonymous_0)","decl":{"start":{"line":5,"column":24},"end":{"line":5,"column":25}},"loc":{"start":{"line":5,"column":36},"end":{"line":8,"column":1}},"line":5},"1":{"name":"(anonymous_1)","decl":{"start":{"line":10,"column":27},"end":{"line":10,"column":28}},"loc":{"start":{"line":10,"column":42},"end":{"line":12,"column":1}},"line":10},"2":{"name":"(anonymous_2)","decl":{"start":{"line":11,"column":14},"end":{"line":11,"column":15}},"loc":{"start":{"line":11,"column":28},"end":{"line":11,"column":62}},"line":11}},"branchMap":{},"s":{"0":1,"1":0,"2":1,"3":0,"4":0},"f":{"0":0,"1":0,"2":0},"b":{},"_coverageSchema":"332fd63041d2c1bcb487cc26dd0d5f7d97098a6c","hash":"8eb545047a7d098a7f086595a4417db0ab917ee6"}
,"/home/nrion/Downloads/nodejs/mnmltaskr-web/src/containers/LocationContainer.js": {"path":"/home/nrion/Downloads/nodejs/mnmltaskr-web/src/containers/LocationContainer.js","statementMap":{},"fnMap":{},"branchMap":{},"s":{},"f":{},"b":{},"_coverageSchema":"332fd63041d2c1bcb487cc26dd0d5f7d97098a6c","hash":"913e7fa338d50a272224fd5f2f4813288e8e1800"}
,"/home/nrion/Downloads/nodejs/mnmltaskr-web/src/containers/LoginFormContainer.js": {"path":"/home/nrion/Downloads/nodejs/mnmltaskr-web/src/containers/LoginFormContainer.js","statementMap":{},"fnMap":{},"branchMap":{},"s":{},"f":{},"b":{},"_coverageSchema":"332fd63041d2c1bcb487cc26dd0d5f7d97098a6c","hash":"5ae0100329dc38d105bc14633c02248feca24b93"}
,"/home/nrion/Downloads/nodejs/mnmltaskr-web/src/containers/PostedTasksContainer.js": {"path":"/home/nrion/Downloads/nodejs/mnmltaskr-web/src/containers/PostedTasksContainer.js","statementMap":{"0":{"start":{"line":5,"column":24},"end":{"line":7,"column":1}},"1":{"start":{"line":6,"column":2},"end":{"line":6,"column":49}},"2":{"start":{"line":9,"column":27},"end":{"line":11,"column":2}},"3":{"start":{"line":9,"column":42},"end":{"line":11,"column":1}},"4":{"start":{"line":10,"column":28},"end":{"line":10,"column":56}}},"fnMap":{"0":{"name":"(anonymous_0)","decl":{"start":{"line":5,"column":24},"end":{"line":5,"column":25}},"loc":{"start":{"line":5,"column":35},"end":{"line":7,"column":1}},"line":5},"1":{"name":"(anonymous_1)","decl":{"start":{"line":9,"column":27},"end":{"line":9,"column":28}},"loc":{"start":{"line":9,"column":42},"end":{"line":11,"column":1}},"line":9},"2":{"name":"(anonymous_2)","decl":{"start":{"line":10,"column":20},"end":{"line":10,"column":21}},"loc":{"start":{"line":10,"column":26},"end":{"line":10,"column":58}},"line":10}},"branchMap":{},"s":{"0":1,"1":0,"2":1,"3":0,"4":0},"f":{"0":0,"1":0,"2":0},"b":{},"_coverageSchema":"332fd63041d2c1bcb487cc26dd0d5f7d97098a6c","hash":"7cbd019d0fb2dabdfbd447ca6ee60bf233100aa9"}
,"/home/nrion/Downloads/nodejs/mnmltaskr-web/src/containers/SignupFormContainer.js": {"path":"/home/nrion/Downloads/nodejs/mnmltaskr-web/src/containers/SignupFormContainer.js","statementMap":{"0":{"start":{"line":11,"column":17},"end":{"line":39,"column":1}},"1":{"start":{"line":12,"column":17},"end":{"line":12,"column":19}},"2":{"start":{"line":14,"column":2},"end":{"line":16,"column":3}},"3":{"start":{"line":15,"column":4},"end":{"line":15,"column":40}},"4":{"start":{"line":18,"column":2},"end":{"line":20,"column":3}},"5":{"start":{"line":19,"column":4},"end":{"line":19,"column":38}},"6":{"start":{"line":22,"column":2},"end":{"line":24,"column":3}},"7":{"start":{"line":23,"column":4},"end":{"line":23,"column":35}},"8":{"start":{"line":26,"column":2},"end":{"line":28,"column":3}},"9":{"start":{"line":27,"column":4},"end":{"line":27,"column":54}},"10":{"start":{"line":30,"column":2},"end":{"line":32,"column":3}},"11":{"start":{"line":31,"column":4},"end":{"line":31,"column":48}},"12":{"start":{"line":34,"column":2},"end":{"line":36,"column":3}},"13":{"start":{"line":35,"column":4},"end":{"line":35,"column":39}},"14":{"start":{"line":38,"column":2},"end":{"line":38,"column":15}}},"fnMap":{"0":{"name":"(anonymous_0)","decl":{"start":{"line":11,"column":17},"end":{"line":11,"column":18}},"loc":{"start":{"line":11,"column":29},"end":{"line":39,"column":1}},"line":11}},"branchMap":{"0":{"loc":{"start":{"line":14,"column":2},"end":{"line":16,"column":3}},"type":"if","locations":[{"start":{"line":14,"column":2},"end":{"line":16,"column":3}},{"start":{"line":14,"column":2},"end":{"line":16,"column":3}}],"line":14},"1":{"loc":{"start":{"line":18,"column":2},"end":{"line":20,"column":3}},"type":"if","locations":[{"start":{"line":18,"column":2},"end":{"line":20,"column":3}},{"start":{"line":18,"column":2},"end":{"line":20,"column":3}}],"line":18},"2":{"loc":{"start":{"line":22,"column":2},"end":{"line":24,"column":3}},"type":"if","locations":[{"start":{"line":22,"column":2},"end":{"line":24,"column":3}},{"start":{"line":22,"column":2},"end":{"line":24,"column":3}}],"line":22},"3":{"loc":{"start":{"line":26,"column":2},"end":{"line":28,"column":3}},"type":"if","locations":[{"start":{"line":26,"column":2},"end":{"line":28,"column":3}},{"start":{"line":26,"column":2},"end":{"line":28,"column":3}}],"line":26},"4":{"loc":{"start":{"line":30,"column":2},"end":{"line":32,"column":3}},"type":"if","locations":[{"start":{"line":30,"column":2},"end":{"line":32,"column":3}},{"start":{"line":30,"column":2},"end":{"line":32,"column":3}}],"line":30},"5":{"loc":{"start":{"line":34,"column":2},"end":{"line":36,"column":3}},"type":"if","locations":[{"start":{"line":34,"column":2},"end":{"line":36,"column":3}},{"start":{"line":34,"column":2},"end":{"line":36,"column":3}}],"line":34}},"s":{"0":1,"1":0,"2":0,"3":0,"4":0,"5":0,"6":0,"7":0,"8":0,"9":0,"10":0,"11":0,"12":0,"13":0,"14":0},"f":{"0":0},"b":{"0":[0,0],"1":[0,0],"2":[0,0],"3":[0,0],"4":[0,0],"5":[0,0]},"_coverageSchema":"332fd63041d2c1bcb487cc26dd0d5f7d97098a6c","hash":"f0f031cd89132b5f4271432c81cf73d8af5fb8db"}
,"/home/nrion/Downloads/nodejs/mnmltaskr-web/src/containers/StepContainer.js": {"path":"/home/nrion/Downloads/nodejs/mnmltaskr-web/src/containers/StepContainer.js","statementMap":{"0":{"start":{"line":4,"column":24},"end":{"line":6,"column":1}},"1":{"start":{"line":5,"column":2},"end":{"line":5,"column":36}}},"fnMap":{"0":{"name":"(anonymous_0)","decl":{"start":{"line":4,"column":24},"end":{"line":4,"column":25}},"loc":{"start":{"line":4,"column":35},"end":{"line":6,"column":1}},"line":4}},"branchMap":{},"s":{"0":1,"1":0},"f":{"0":0},"b":{},"_coverageSchema":"332fd63041d2c1bcb487cc26dd0d5f7d97098a6c","hash":"0ce5fdb3b48348291388c6e08e98c71bdb256313"}
,"/home/nrion/Downloads/nodejs/mnmltaskr-web/src/containers/TasksContainer.js": {"path":"/home/nrion/Downloads/nodejs/mnmltaskr-web/src/containers/TasksContainer.js","statementMap":{"0":{"start":{"line":5,"column":24},"end":{"line":7,"column":1}},"1":{"start":{"line":6,"column":2},"end":{"line":6,"column":37}},"2":{"start":{"line":9,"column":27},"end":{"line":11,"column":2}},"3":{"start":{"line":9,"column":42},"end":{"line":11,"column":1}},"4":{"start":{"line":10,"column":22},"end":{"line":10,"column":44}}},"fnMap":{"0":{"name":"(anonymous_0)","decl":{"start":{"line":5,"column":24},"end":{"line":5,"column":25}},"loc":{"start":{"line":5,"column":35},"end":{"line":7,"column":1}},"line":5},"1":{"name":"(anonymous_1)","decl":{"start":{"line":9,"column":27},"end":{"line":9,"column":28}},"loc":{"start":{"line":9,"column":42},"end":{"line":11,"column":1}},"line":9},"2":{"name":"(anonymous_2)","decl":{"start":{"line":10,"column":14},"end":{"line":10,"column":15}},"loc":{"start":{"line":10,"column":20},"end":{"line":10,"column":46}},"line":10}},"branchMap":{},"s":{"0":1,"1":0,"2":1,"3":0,"4":0},"f":{"0":0,"1":0,"2":0},"b":{},"_coverageSchema":"332fd63041d2c1bcb487cc26dd0d5f7d97098a6c","hash":"9618da08c6a1c6b08f2b28dc69ae07d8679eb7e7"}
,"/home/nrion/Downloads/nodejs/mnmltaskr-web/src/containers/WizardContainer.js": {"path":"/home/nrion/Downloads/nodejs/mnmltaskr-web/src/containers/WizardContainer.js","statementMap":{"0":{"start":{"line":5,"column":24},"end":{"line":7,"column":1}},"1":{"start":{"line":6,"column":2},"end":{"line":6,"column":36}},"2":{"start":{"line":9,"column":27},"end":{"line":12,"column":2}},"3":{"start":{"line":9,"column":42},"end":{"line":12,"column":1}},"4":{"start":{"line":10,"column":20},"end":{"line":10,"column":40}},"5":{"start":{"line":11,"column":20},"end":{"line":11,"column":40}}},"fnMap":{"0":{"name":"(anonymous_0)","decl":{"start":{"line":5,"column":24},"end":{"line":5,"column":25}},"loc":{"start":{"line":5,"column":35},"end":{"line":7,"column":1}},"line":5},"1":{"name":"(anonymous_1)","decl":{"start":{"line":9,"column":27},"end":{"line":9,"column":28}},"loc":{"start":{"line":9,"column":42},"end":{"line":12,"column":1}},"line":9},"2":{"name":"(anonymous_2)","decl":{"start":{"line":10,"column":12},"end":{"line":10,"column":13}},"loc":{"start":{"line":10,"column":18},"end":{"line":10,"column":42}},"line":10},"3":{"name":"(anonymous_3)","decl":{"start":{"line":11,"column":12},"end":{"line":11,"column":13}},"loc":{"start":{"line":11,"column":18},"end":{"line":11,"column":42}},"line":11}},"branchMap":{},"s":{"0":1,"1":0,"2":1,"3":0,"4":0,"5":0},"f":{"0":0,"1":0,"2":0,"3":0},"b":{},"_coverageSchema":"332fd63041d2c1bcb487cc26dd0d5f7d97098a6c","hash":"534ad217b9d7decf67ffdbeb128ef18337cd5a7c"}
,"/home/nrion/Downloads/nodejs/mnmltaskr-web/src/reducers/index.js": {"path":"/home/nrion/Downloads/nodejs/mnmltaskr-web/src/reducers/index.js","statementMap":{"0":{"start":{"line":9,"column":16},"end":{"line":15,"column":2}}},"fnMap":{},"branchMap":{},"s":{"0":2},"f":{},"b":{},"_coverageSchema":"332fd63041d2c1bcb487cc26dd0d5f7d97098a6c","hash":"05dd9ff76554485b12c282aa46e28f5fe39bf063"}
,"/home/nrion/Downloads/nodejs/mnmltaskr-web/src/reducers/itemsReducer.js": {"path":"/home/nrion/Downloads/nodejs/mnmltaskr-web/src/reducers/itemsReducer.js","statementMap":{"0":{"start":{"line":2,"column":2},"end":{"line":9,"column":3}},"1":{"start":{"line":4,"column":6},"end":{"line":7,"column":7}},"2":{"start":{"line":10,"column":2},"end":{"line":10,"column":14}}},"fnMap":{"0":{"name":"itemsReducer","decl":{"start":{"line":1,"column":24},"end":{"line":1,"column":36}},"loc":{"start":{"line":1,"column":58},"end":{"line":11,"column":1}},"line":1}},"branchMap":{"0":{"loc":{"start":{"line":1,"column":38},"end":{"line":1,"column":48}},"type":"default-arg","locations":[{"start":{"line":1,"column":46},"end":{"line":1,"column":48}}],"line":1},"1":{"loc":{"start":{"line":2,"column":2},"end":{"line":9,"column":3}},"type":"switch","locations":[{"start":{"line":3,"column":4},"end":{"line":8,"column":5}}],"line":2}},"s":{"0":6,"1":0,"2":6},"f":{"0":6},"b":{"0":[6],"1":[0]},"_coverageSchema":"332fd63041d2c1bcb487cc26dd0d5f7d97098a6c","hash":"87d49b504985243aae933274fb50effe4d51781f"}
,"/home/nrion/Downloads/nodejs/mnmltaskr-web/src/reducers/statusReducer.js": {"path":"/home/nrion/Downloads/nodejs/mnmltaskr-web/src/reducers/statusReducer.js","statementMap":{"0":{"start":{"line":1,"column":13},"end":{"line":1,"column":41}},"1":{"start":{"line":6,"column":2},"end":{"line":13,"column":3}},"2":{"start":{"line":8,"column":6},"end":{"line":11,"column":7}},"3":{"start":{"line":14,"column":2},"end":{"line":14,"column":14}}},"fnMap":{"0":{"name":"statusReducer","decl":{"start":{"line":3,"column":24},"end":{"line":3,"column":37}},"loc":{"start":{"line":5,"column":11},"end":{"line":15,"column":1}},"line":5}},"branchMap":{"0":{"loc":{"start":{"line":3,"column":39},"end":{"line":5,"column":1}},"type":"default-arg","locations":[{"start":{"line":3,"column":47},"end":{"line":5,"column":1}}],"line":3},"1":{"loc":{"start":{"line":6,"column":2},"end":{"line":13,"column":3}},"type":"switch","locations":[{"start":{"line":7,"column":4},"end":{"line":12,"column":5}}],"line":6}},"s":{"0":2,"1":6,"2":0,"3":6},"f":{"0":6},"b":{"0":[6],"1":[0]},"_coverageSchema":"332fd63041d2c1bcb487cc26dd0d5f7d97098a6c","hash":"a5819052022c58aebd27b521e7146f6126c6d9c2"}
,"/home/nrion/Downloads/nodejs/mnmltaskr-web/src/reducers/tasksReducer.js": {"path":"/home/nrion/Downloads/nodejs/mnmltaskr-web/src/reducers/tasksReducer.js","statementMap":{"0":{"start":{"line":2,"column":2},"end":{"line":15,"column":3}},"1":{"start":{"line":4,"column":6},"end":{"line":7,"column":7}},"2":{"start":{"line":10,"column":6},"end":{"line":13,"column":7}},"3":{"start":{"line":16,"column":2},"end":{"line":16,"column":14}}},"fnMap":{"0":{"name":"tasksReducer","decl":{"start":{"line":1,"column":24},"end":{"line":1,"column":36}},"loc":{"start":{"line":1,"column":58},"end":{"line":17,"column":1}},"line":1}},"branchMap":{"0":{"loc":{"start":{"line":1,"column":38},"end":{"line":1,"column":48}},"type":"default-arg","locations":[{"start":{"line":1,"column":46},"end":{"line":1,"column":48}}],"line":1},"1":{"loc":{"start":{"line":2,"column":2},"end":{"line":15,"column":3}},"type":"switch","locations":[{"start":{"line":3,"column":4},"end":{"line":8,"column":5}},{"start":{"line":9,"column":4},"end":{"line":14,"column":5}}],"line":2}},"s":{"0":6,"1":0,"2":0,"3":6},"f":{"0":6},"b":{"0":[6],"1":[0,0]},"_coverageSchema":"332fd63041d2c1bcb487cc26dd0d5f7d97098a6c","hash":"ce0e9d6652e30f9c9beb4a9b75c870482f1a59d2"}
,"/home/nrion/Downloads/nodejs/mnmltaskr-web/src/reducers/wizardReducer.js": {"path":"/home/nrion/Downloads/nodejs/mnmltaskr-web/src/reducers/wizardReducer.js","statementMap":{"0":{"start":{"line":2,"column":2},"end":{"line":13,"column":3}},"1":{"start":{"line":4,"column":6},"end":{"line":6,"column":7}},"2":{"start":{"line":9,"column":6},"end":{"line":11,"column":7}},"3":{"start":{"line":14,"column":2},"end":{"line":14,"column":14}}},"fnMap":{"0":{"name":"wizardReducer","decl":{"start":{"line":1,"column":24},"end":{"line":1,"column":37}},"loc":{"start":{"line":1,"column":68},"end":{"line":15,"column":1}},"line":1}},"branchMap":{"0":{"loc":{"start":{"line":1,"column":39},"end":{"line":1,"column":58}},"type":"default-arg","locations":[{"start":{"line":1,"column":47},"end":{"line":1,"column":58}}],"line":1},"1":{"loc":{"start":{"line":2,"column":2},"end":{"line":13,"column":3}},"type":"switch","locations":[{"start":{"line":3,"column":4},"end":{"line":7,"column":5}},{"start":{"line":8,"column":4},"end":{"line":12,"column":5}}],"line":2}},"s":{"0":6,"1":0,"2":0,"3":6},"f":{"0":6},"b":{"0":[6],"1":[0,0]},"_coverageSchema":"332fd63041d2c1bcb487cc26dd0d5f7d97098a6c","hash":"ce65ac1f166bdcfd77625e12029e0657cb3292e0"}
,"/home/nrion/Downloads/nodejs/mnmltaskr-web/src/tests/setup.js": {"path":"/home/nrion/Downloads/nodejs/mnmltaskr-web/src/tests/setup.js","statementMap":{"0":{"start":{"line":4,"column":0},"end":{"line":4,"column":44}},"1":{"start":{"line":6,"column":25},"end":{"line":10,"column":1}},"2":{"start":{"line":11,"column":0},"end":{"line":11,"column":38}}},"fnMap":{},"branchMap":{},"s":{"0":3,"1":3,"2":3},"f":{},"b":{},"_coverageSchema":"332fd63041d2c1bcb487cc26dd0d5f7d97098a6c","hash":"483b36b400234f35dc38ce5138cac3be6793e8c3"}
}
