TN:
SF:/home/nrion/Downloads/nodejs/mnmltaskr-web/src/firebase.js
FNF:0
FNH:0
DA:4,2
DA:13,2
DA:14,2
LF:3
LH:3
BRF:0
BRH:0
end_of_record
TN:
SF:/home/nrion/Downloads/nodejs/mnmltaskr-web/src/history.js
FNF:0
FNH:0
DA:3,2
LF:1
LH:1
BRF:0
BRH:0
end_of_record
TN:
SF:/home/nrion/Downloads/nodejs/mnmltaskr-web/src/store.js
FNF:0
FNH:0
DA:7,2
LF:1
LH:1
BRF:0
BRH:0
end_of_record
TN:
SF:/home/nrion/Downloads/nodejs/mnmltaskr-web/src/actions/itemsActions.js
FN:1,selectItem
FN:2,(anonymous_1)
FNF:2
FNH:0
FNDA:0,selectItem
FNDA:0,(anonymous_1)
DA:2,0
DA:3,0
LF:2
LH:0
BRF:0
BRH:0
end_of_record
TN:
SF:/home/nrion/Downloads/nodejs/mnmltaskr-web/src/actions/statusActions.js
FN:1,setStatus
FN:4,(anonymous_1)
FNF:2
FNH:0
FNDA:0,setStatus
FNDA:0,(anonymous_1)
DA:2,0
DA:4,0
DA:5,0
LF:3
LH:0
BRF:0
BRH:0
end_of_record
TN:
SF:/home/nrion/Downloads/nodejs/mnmltaskr-web/src/actions/tasksActions.js
FN:3,fetchTasks
FN:4,(anonymous_1)
FN:7,(anonymous_2)
FN:18,fetchPostedTasks
FN:19,(anonymous_4)
FN:22,(anonymous_5)
FNF:6
FNH:0
FNDA:0,fetchTasks
FNDA:0,(anonymous_1)
FNDA:0,(anonymous_2)
FNDA:0,fetchPostedTasks
FNDA:0,(anonymous_4)
FNDA:0,(anonymous_5)
DA:4,0
DA:5,0
DA:6,0
DA:7,0
DA:8,0
DA:11,0
DA:19,0
DA:20,0
DA:21,0
DA:22,0
DA:23,0
DA:26,0
LF:12
LH:0
BRF:0
BRH:0
end_of_record
TN:
SF:/home/nrion/Downloads/nodejs/mnmltaskr-web/src/actions/wizardActions.js
FN:1,goToPrev
FN:2,(anonymous_1)
FN:9,goToNext
FN:10,(anonymous_3)
FNF:4
FNH:0
FNDA:0,goToPrev
FNDA:0,(anonymous_1)
FNDA:0,goToNext
FNDA:0,(anonymous_3)
DA:2,0
DA:3,0
DA:10,0
DA:11,0
LF:4
LH:0
BRF:0
BRH:0
end_of_record
TN:
SF:/home/nrion/Downloads/nodejs/mnmltaskr-web/src/actions/firestore-actions/authUser.js
FN:7,authUser
FN:41,logout
FNF:2
FNH:0
FNDA:0,authUser
FNDA:0,logout
DA:10,0
DA:11,0
DA:16,0
DA:19,0
DA:20,0
DA:24,0
DA:26,0
DA:31,0
DA:33,0
DA:42,0
DA:43,0
DA:44,0
DA:45,0
DA:46,0
DA:47,0
DA:49,0
LF:16
LH:0
BRDA:19,0,0,0
BRDA:19,0,1,0
BRF:2
BRH:0
end_of_record
TN:
SF:/home/nrion/Downloads/nodejs/mnmltaskr-web/src/actions/firestore-actions/dbActions.js
FN:5,signupAccount
FNF:1
FNH:0
FNDA:0,signupAccount
DA:7,0
DA:8,0
DA:12,0
DA:15,0
DA:16,0
DA:17,0
DA:24,0
DA:29,0
DA:31,0
LF:9
LH:0
BRDA:16,0,0,0
BRDA:16,0,1,0
BRF:2
BRH:0
end_of_record
TN:
SF:/home/nrion/Downloads/nodejs/mnmltaskr-web/src/components/Body.jsx
FN:13,(anonymous_0)
FNF:1
FNH:0
FNDA:0,(anonymous_0)
DA:14,0
LF:1
LH:0
BRF:0
BRH:0
end_of_record
TN:
SF:/home/nrion/Downloads/nodejs/mnmltaskr-web/src/components/Header.jsx
FN:6,(anonymous_0)
FN:17,(anonymous_1)
FN:29,(anonymous_2)
FN:37,(anonymous_3)
FN:43,(anonymous_4)
FN:47,(anonymous_5)
FN:51,(anonymous_6)
FNF:7
FNH:2
FNDA:8,(anonymous_0)
FNDA:0,(anonymous_1)
FNDA:8,(anonymous_2)
FNDA:0,(anonymous_3)
FNDA:0,(anonymous_4)
FNDA:0,(anonymous_5)
FNDA:0,(anonymous_6)
DA:6,2
DA:7,8
DA:17,2
DA:18,0
DA:30,8
DA:31,8
DA:33,8
DA:37,0
DA:43,0
DA:47,0
DA:51,0
LF:11
LH:6
BRDA:31,0,0,8
BRDA:31,0,1,0
BRF:2
BRH:1
end_of_record
TN:
SF:/home/nrion/Downloads/nodejs/mnmltaskr-web/src/components/Home.jsx
FN:5,(anonymous_0)
FNF:1
FNH:1
FNDA:4,(anonymous_0)
DA:6,4
LF:1
LH:1
BRF:0
BRH:0
end_of_record
TN:
SF:/home/nrion/Downloads/nodejs/mnmltaskr-web/src/components/Index.jsx
FN:15,(anonymous_0)
FN:25,(anonymous_1)
FN:35,(anonymous_2)
FN:43,(anonymous_3)
FNF:4
FNH:1
FNDA:0,(anonymous_0)
FNDA:0,(anonymous_1)
FNDA:0,(anonymous_2)
FNDA:3,(anonymous_3)
DA:15,1
DA:16,0
DA:25,1
DA:26,0
DA:35,1
DA:36,0
DA:44,3
LF:7
LH:4
BRF:0
BRH:0
end_of_record
TN:
SF:/home/nrion/Downloads/nodejs/mnmltaskr-web/src/components/NotLoggedInView.jsx
FN:5,(anonymous_0)
FNF:1
FNH:0
FNDA:0,(anonymous_0)
DA:6,0
LF:1
LH:0
BRF:0
BRH:0
end_of_record
TN:
SF:/home/nrion/Downloads/nodejs/mnmltaskr-web/src/components/TaskCard.jsx
FN:6,(anonymous_0)
FNF:1
FNH:0
FNDA:0,(anonymous_0)
DA:14,0
DA:16,0
LF:2
LH:0
BRF:0
BRH:0
end_of_record
TN:
SF:/home/nrion/Downloads/nodejs/mnmltaskr-web/src/components/auth-forms/FormWrapper.jsx
FN:6,(anonymous_0)
FNF:1
FNH:0
FNDA:0,(anonymous_0)
DA:7,0
DA:9,0
LF:2
LH:0
BRF:0
BRH:0
end_of_record
TN:
SF:/home/nrion/Downloads/nodejs/mnmltaskr-web/src/components/auth-forms/LoginForm.jsx
FN:5,(anonymous_0)
FN:15,(anonymous_1)
FNF:2
FNH:0
FNDA:0,(anonymous_0)
FNDA:0,(anonymous_1)
DA:5,1
DA:6,0
DA:16,0
DA:18,0
LF:4
LH:1
BRF:0
BRH:0
end_of_record
TN:
SF:/home/nrion/Downloads/nodejs/mnmltaskr-web/src/components/auth-forms/SignupForm.jsx
FN:5,(anonymous_0)
FN:29,(anonymous_1)
FN:66,(anonymous_2)
FNF:3
FNH:0
FNDA:0,(anonymous_0)
FNDA:0,(anonymous_1)
FNDA:0,(anonymous_2)
DA:5,1
DA:6,0
DA:7,0
DA:9,0
DA:23,1
DA:30,0
DA:32,0
DA:67,0
LF:8
LH:2
BRDA:7,0,0,0
BRDA:7,0,1,0
BRDA:14,1,0,0
BRDA:14,1,1,0
BRF:4
BRH:0
end_of_record
TN:
SF:/home/nrion/Downloads/nodejs/mnmltaskr-web/src/components/custom/PrivateRoute.js
FN:4,PrivateRoute
FN:8,(anonymous_1)
FNF:2
FNH:0
FNDA:0,PrivateRoute
FNDA:0,(anonymous_1)
DA:5,0
DA:7,0
DA:9,0
LF:3
LH:0
BRDA:9,0,0,0
BRDA:9,0,1,0
BRF:2
BRH:0
end_of_record
TN:
SF:/home/nrion/Downloads/nodejs/mnmltaskr-web/src/components/custom/validator.js
FN:1,(anonymous_0)
FN:5,(anonymous_1)
FN:9,(anonymous_2)
FN:13,(anonymous_3)
FN:17,(anonymous_4)
FNF:5
FNH:0
FNDA:0,(anonymous_0)
FNDA:0,(anonymous_1)
FNDA:0,(anonymous_2)
FNDA:0,(anonymous_3)
FNDA:0,(anonymous_4)
DA:1,1
DA:2,0
DA:5,1
DA:6,0
DA:9,1
DA:10,0
DA:13,1
DA:14,0
DA:17,1
DA:18,0
LF:10
LH:5
BRDA:2,0,0,0
BRDA:2,0,1,0
BRDA:6,1,0,0
BRDA:6,1,1,0
BRDA:10,2,0,0
BRDA:10,2,1,0
BRDA:14,3,0,0
BRDA:14,3,1,0
BRDA:18,4,0,0
BRDA:18,4,1,0
BRF:10
BRH:0
end_of_record
TN:
SF:/home/nrion/Downloads/nodejs/mnmltaskr-web/src/components/menubar/BrowseTasks.jsx
FN:6,(anonymous_0)
FN:10,(anonymous_1)
FN:22,(anonymous_2)
FNF:3
FNH:0
FNDA:0,(anonymous_0)
FNDA:0,(anonymous_1)
FNDA:0,(anonymous_2)
DA:7,0
DA:11,0
DA:13,0
DA:14,0
DA:17,0
DA:23,0
LF:6
LH:0
BRDA:13,0,0,0
BRDA:13,0,1,0
BRF:2
BRH:0
end_of_record
TN:
SF:/home/nrion/Downloads/nodejs/mnmltaskr-web/src/components/menubar/MyTasks.jsx
FN:6,(anonymous_0)
FN:10,(anonymous_1)
FN:22,(anonymous_2)
FNF:3
FNH:0
FNDA:0,(anonymous_0)
FNDA:0,(anonymous_1)
FNDA:0,(anonymous_2)
DA:7,0
DA:11,0
DA:13,0
DA:14,0
DA:17,0
DA:23,0
LF:6
LH:0
BRDA:13,0,0,0
BRDA:13,0,1,0
BRF:2
BRH:0
end_of_record
TN:
SF:/home/nrion/Downloads/nodejs/mnmltaskr-web/src/components/menubar/PostATask.jsx
FN:8,(anonymous_0)
FNF:1
FNH:0
FNDA:0,(anonymous_0)
DA:9,0
LF:1
LH:0
BRF:0
BRH:0
end_of_record
TN:
SF:/home/nrion/Downloads/nodejs/mnmltaskr-web/src/components/wizard-style-form/StepContent.jsx
FN:5,(anonymous_0)
FNF:1
FNH:0
FNDA:0,(anonymous_0)
DA:6,0
DA:8,0
LF:2
LH:0
BRDA:10,0,0,0
BRDA:10,0,1,0
BRDA:16,1,0,0
BRDA:16,1,1,0
BRDA:22,2,0,0
BRDA:22,2,1,0
BRF:6
BRH:0
end_of_record
TN:
SF:/home/nrion/Downloads/nodejs/mnmltaskr-web/src/components/wizard-style-form/TaskForm.jsx
FN:9,(anonymous_0)
FNF:1
FNH:0
FNDA:0,(anonymous_0)
DA:10,0
DA:12,0
LF:2
LH:0
BRDA:14,0,0,0
BRDA:14,0,1,0
BRDA:15,1,0,0
BRDA:15,1,1,0
BRDA:16,2,0,0
BRDA:16,2,1,0
BRF:6
BRH:0
end_of_record
TN:
SF:/home/nrion/Downloads/nodejs/mnmltaskr-web/src/components/wizard-style-form/form-contents/Budget.jsx
FN:6,(anonymous_0)
FNF:1
FNH:0
FNDA:0,(anonymous_0)
DA:7,0
DA:9,0
LF:2
LH:0
BRDA:43,0,0,0
BRDA:43,0,1,0
BRF:2
BRH:0
end_of_record
TN:
SF:/home/nrion/Downloads/nodejs/mnmltaskr-web/src/components/wizard-style-form/form-contents/Details.jsx
FN:5,(anonymous_0)
FN:13,(anonymous_1)
FNF:2
FNH:0
FNDA:0,(anonymous_0)
FNDA:0,(anonymous_1)
DA:5,1
DA:6,0
DA:14,0
DA:16,0
LF:4
LH:1
BRF:0
BRH:0
end_of_record
TN:
SF:/home/nrion/Downloads/nodejs/mnmltaskr-web/src/components/wizard-style-form/form-contents/Location.jsx
FN:10,(anonymous_0)
FN:13,(anonymous_1)
FN:22,(anonymous_2)
FNF:3
FNH:0
FNDA:0,(anonymous_0)
FNDA:0,(anonymous_1)
FNDA:0,(anonymous_2)
DA:5,1
DA:10,1
DA:11,0
DA:13,0
DA:23,0
DA:25,0
LF:6
LH:2
BRF:0
BRH:0
end_of_record
TN:
SF:/home/nrion/Downloads/nodejs/mnmltaskr-web/src/containers/BudgetContainer.js
FNF:0
FNH:0
LF:0
LH:0
BRF:0
BRH:0
end_of_record
TN:
SF:/home/nrion/Downloads/nodejs/mnmltaskr-web/src/containers/DetailsContainer.js
FNF:0
FNH:0
LF:0
LH:0
BRF:0
BRH:0
end_of_record
TN:
SF:/home/nrion/Downloads/nodejs/mnmltaskr-web/src/containers/ItemsContainer.js
FN:5,(anonymous_0)
FN:10,(anonymous_1)
FN:11,(anonymous_2)
FNF:3
FNH:0
FNDA:0,(anonymous_0)
FNDA:0,(anonymous_1)
FNDA:0,(anonymous_2)
DA:5,1
DA:10,1
DA:11,0
LF:3
LH:2
BRF:0
BRH:0
end_of_record
TN:
SF:/home/nrion/Downloads/nodejs/mnmltaskr-web/src/containers/LocationContainer.js
FNF:0
FNH:0
LF:0
LH:0
BRF:0
BRH:0
end_of_record
TN:
SF:/home/nrion/Downloads/nodejs/mnmltaskr-web/src/containers/LoginFormContainer.js
FNF:0
FNH:0
LF:0
LH:0
BRF:0
BRH:0
end_of_record
TN:
SF:/home/nrion/Downloads/nodejs/mnmltaskr-web/src/containers/PostedTasksContainer.js
FN:5,(anonymous_0)
FN:9,(anonymous_1)
FN:10,(anonymous_2)
FNF:3
FNH:0
FNDA:0,(anonymous_0)
FNDA:0,(anonymous_1)
FNDA:0,(anonymous_2)
DA:5,1
DA:6,0
DA:9,1
DA:10,0
LF:4
LH:2
BRF:0
BRH:0
end_of_record
TN:
SF:/home/nrion/Downloads/nodejs/mnmltaskr-web/src/containers/SignupFormContainer.js
FN:11,(anonymous_0)
FNF:1
FNH:0
FNDA:0,(anonymous_0)
DA:11,1
DA:12,0
DA:14,0
DA:15,0
DA:18,0
DA:19,0
DA:22,0
DA:23,0
DA:26,0
DA:27,0
DA:30,0
DA:31,0
DA:34,0
DA:35,0
DA:38,0
LF:15
LH:1
BRDA:14,0,0,0
BRDA:14,0,1,0
BRDA:18,1,0,0
BRDA:18,1,1,0
BRDA:22,2,0,0
BRDA:22,2,1,0
BRDA:26,3,0,0
BRDA:26,3,1,0
BRDA:30,4,0,0
BRDA:30,4,1,0
BRDA:34,5,0,0
BRDA:34,5,1,0
BRF:12
BRH:0
end_of_record
TN:
SF:/home/nrion/Downloads/nodejs/mnmltaskr-web/src/containers/StepContainer.js
FN:4,(anonymous_0)
FNF:1
FNH:0
FNDA:0,(anonymous_0)
DA:4,1
DA:5,0
LF:2
LH:1
BRF:0
BRH:0
end_of_record
TN:
SF:/home/nrion/Downloads/nodejs/mnmltaskr-web/src/containers/TasksContainer.js
FN:5,(anonymous_0)
FN:9,(anonymous_1)
FN:10,(anonymous_2)
FNF:3
FNH:0
FNDA:0,(anonymous_0)
FNDA:0,(anonymous_1)
FNDA:0,(anonymous_2)
DA:5,1
DA:6,0
DA:9,1
DA:10,0
LF:4
LH:2
BRF:0
BRH:0
end_of_record
TN:
SF:/home/nrion/Downloads/nodejs/mnmltaskr-web/src/containers/WizardContainer.js
FN:5,(anonymous_0)
FN:9,(anonymous_1)
FN:10,(anonymous_2)
FN:11,(anonymous_3)
FNF:4
FNH:0
FNDA:0,(anonymous_0)
FNDA:0,(anonymous_1)
FNDA:0,(anonymous_2)
FNDA:0,(anonymous_3)
DA:5,1
DA:6,0
DA:9,1
DA:10,0
DA:11,0
LF:5
LH:2
BRF:0
BRH:0
end_of_record
TN:
SF:/home/nrion/Downloads/nodejs/mnmltaskr-web/src/reducers/index.js
FNF:0
FNH:0
DA:9,2
LF:1
LH:1
BRF:0
BRH:0
end_of_record
TN:
SF:/home/nrion/Downloads/nodejs/mnmltaskr-web/src/reducers/itemsReducer.js
FN:1,itemsReducer
FNF:1
FNH:1
FNDA:6,itemsReducer
DA:2,6
DA:4,0
DA:10,6
LF:3
LH:2
BRDA:1,0,0,6
BRDA:2,1,0,0
BRF:2
BRH:1
end_of_record
TN:
SF:/home/nrion/Downloads/nodejs/mnmltaskr-web/src/reducers/statusReducer.js
FN:3,statusReducer
FNF:1
FNH:1
FNDA:6,statusReducer
DA:1,2
DA:6,6
DA:8,0
DA:14,6
LF:4
LH:3
BRDA:3,0,0,6
BRDA:6,1,0,0
BRF:2
BRH:1
end_of_record
TN:
SF:/home/nrion/Downloads/nodejs/mnmltaskr-web/src/reducers/tasksReducer.js
FN:1,tasksReducer
FNF:1
FNH:1
FNDA:6,tasksReducer
DA:2,6
DA:4,0
DA:10,0
DA:16,6
LF:4
LH:2
BRDA:1,0,0,6
BRDA:2,1,0,0
BRDA:2,1,1,0
BRF:3
BRH:1
end_of_record
TN:
SF:/home/nrion/Downloads/nodejs/mnmltaskr-web/src/reducers/wizardReducer.js
FN:1,wizardReducer
FNF:1
FNH:1
FNDA:6,wizardReducer
DA:2,6
DA:4,0
DA:9,0
DA:14,6
LF:4
LH:2
BRDA:1,0,0,6
BRDA:2,1,0,0
BRDA:2,1,1,0
BRF:3
BRH:1
end_of_record
TN:
SF:/home/nrion/Downloads/nodejs/mnmltaskr-web/src/tests/setup.js
FNF:0
FNH:0
DA:4,3
DA:6,3
DA:11,3
LF:3
LH:3
BRF:0
BRH:0
end_of_record
